\BOOKMARK [1][-]{section*.1}{\376\377\213\146\124\112}{}% 1
\BOOKMARK [0][-]{chapter.1}{\376\377\132\001\200\301\377\014\167\037\166\370\116\016\162\171\135\345\116\354}{}% 2
\BOOKMARK [1][-]{section*.2}{\376\377\133\374\212\000}{chapter.1}% 3
\BOOKMARK [1][-]{section*.3}{\376\377\123\321\165\037\116\206\116\300\116\110\377\037}{chapter.1}% 4
\BOOKMARK [2][-]{subsection*.4}{\376\377\150\074\147\227\117\015\137\267\133\266\145\317}{section*.3}% 5
\BOOKMARK [2][-]{subsection*.5}{\376\377\124\011\131\306\166\204\126\336\137\122\116\016\040\034\202\235\213\372\140\226\213\272\040\035\166\204\142\020\172\313}{section*.3}% 6
\BOOKMARK [2][-]{subsection*.6}{\376\377\236\321\176\277\210\114\122\250\116\016\116\232\137\123\150\356\000\267\200\003\121\113\145\257\116\113\153\173}{section*.3}% 7
\BOOKMARK [2][-]{subsection*.7}{\376\377\162\171\135\345\116\016\236\304\210\143\116\113\163\213\143\245\211\346}{section*.3}% 8
\BOOKMARK [1][-]{section*.8}{\376\377\132\001\200\301}{chapter.1}% 9
\BOOKMARK [2][-]{subsection*.9}{\376\377\123\141\134\024\121\113\204\050\116\016\236\304\210\143\116\113\163\213}{section*.8}% 10
\BOOKMARK [2][-]{subsection*.10}{\376\377\236\304\123\160}{section*.8}% 11
\BOOKMARK [2][-]{subsection*.11}{\376\377\040\034\122\147\226\142\040\035}{section*.8}% 12
\BOOKMARK [2][-]{subsection*.12}{\376\377\000S\000t\000.\000\040\000I\000l\000l\000n\000e\000s\000s\000\040\116\016\131\061\167\037\165\307}{section*.8}% 13
\BOOKMARK [1][-]{section*.13}{\376\377\162\171\135\345\166\204\116\026\165\114}{chapter.1}% 14
\BOOKMARK [2][-]{subsection*.14}{\376\377\201\120\123\026\120\074}{section*.13}% 15
\BOOKMARK [2][-]{subsection*.15}{\376\377\123\331\217\360\140\047\213\341\213\241}{section*.13}% 16
\BOOKMARK [1][-]{section*.16}{\376\377\122\033\136\372\162\171\135\345}{chapter.1}% 17
\BOOKMARK [0][-]{chapter.2}{\376\377\116\073\211\201\211\322\202\162}{}% 18
\BOOKMARK [1][-]{section*.17}{\376\377\116\232\137\123\150\356\000\267\200\003\121\113\145\257}{chapter.2}% 19
\BOOKMARK [1][-]{section*.18}{\376\377\124\011\131\306\000\267\150\074\147\227\117\015\137\267}{chapter.2}% 20
\BOOKMARK [1][-]{section*.19}{\376\377\176\246\164\137\202\254\000\267\203\261\162\171}{chapter.2}% 21
\BOOKMARK [1][-]{section*.20}{\376\377\166\256\162\171\000\267\142\064\176\364\145\257}{chapter.2}% 22
\BOOKMARK [0][-]{chapter.3}{\376\377\214\003\147\345}{}% 23
\BOOKMARK [1][-]{section*.21}{\376\377\136\217\136\125}{chapter.3}% 24
\BOOKMARK [2][-]{subsection*.22}{\376\377\136\173\214\141\377\032\142\155\146\362\166\204\217\307\137\200}{section*.21}% 25
\BOOKMARK [2][-]{subsection*.23}{\376\377\136\173\214\141\377\032\120\134\147\072\210\114\122\250}{section*.21}% 26
\BOOKMARK [2][-]{subsection*.24}{\376\377\123\357\220\011\377\032\133\371\116\216\116\232\137\123\150\356\166\204\123\346\116\000\171\315\131\004\164\006}{section*.21}% 27
\BOOKMARK [2][-]{subsection*.25}{\376\377\136\173\214\141\377\032\162\171\135\345\127\116\204\202}{section*.21}% 28
\BOOKMARK [2][-]{subsection*.26}{\376\377\136\173\214\141\377\032\147\145\201\352\116\232\137\123\150\356\166\204\220\256\116\366}{section*.21}% 29
\BOOKMARK [2][-]{subsection*.27}{\376\377\136\173\214\141\377\032\176\331\116\232\137\123\150\356\142\123\165\065\213\335}{section*.21}% 30
\BOOKMARK [2][-]{subsection*.28}{\376\377\123\331\213\341\377\032\162\171\135\345\166\204\133\266\116\272\116\016\226\037\123\313}{section*.21}% 31
\BOOKMARK [1][-]{section*.29}{\376\377\116\232\137\123\150\356\166\204\117\117\142\100}{chapter.3}% 32
\BOOKMARK [2][-]{subsection*.30}{\376\377\123\331\213\341\377\032\224\245\123\031\116\316\117\125\200\014\147\145\377\037}{section*.29}% 33
\BOOKMARK [2][-]{subsection*.31}{\376\377\217\333\121\145\117\117\133\205}{section*.29}% 34
\BOOKMARK [2][-]{subsection*.32}{\376\377\136\173\214\141\377\032\060\012\164\346\146\156\121\205\121\113\122\147\226\142\060\013\176\330\147\054}{section*.29}% 35
\BOOKMARK [2][-]{subsection*.34}{\376\377\116\232\137\123\150\356\166\204\123\147\133\244}{section*.29}% 36
\BOOKMARK [1][-]{section*.42}{\376\377\000S\000t\000.\000\040\000I\000l\000l\000n\000e\000s\000s\116\016\202\235\213\372\140\226\213\272}{chapter.3}% 37
\BOOKMARK [2][-]{subsection*.43}{\376\377\000S\000t\000.\000\040\000I\000l\000l\000n\000e\000s\000s\230\204\124\112\162\107}{section*.42}% 38
\BOOKMARK [2][-]{subsection*.44}{\376\377\214\003\147\345\040\034\202\235\213\372\140\226\213\272\040\035}{section*.42}% 39
\BOOKMARK [2][-]{subsection*.45}{\376\377\200\124\174\373\040\034\140\226\213\272\040\035}{section*.42}% 40
\BOOKMARK [1][-]{section*.46}{\376\377\000N\000P\000P\000D\173\054\116\135\123\072\122\236\121\154\133\244}{chapter.3}% 41
\BOOKMARK [2][-]{subsection*.47}{\376\377\117\057\203\216\000\267\123\362\133\306\145\257}{section*.46}% 42
\BOOKMARK [2][-]{subsection*.48}{\376\377\136\173\214\141\060\002\217\331\221\314\116\315\146\057\116\326\166\204\122\236\121\154\133\244}{section*.46}% 43
\BOOKMARK [1][-]{section*.49}{\376\377\122\240\135\336\236\177\211\322\117\040\132\222\121\154\123\370}{chapter.3}% 44
\BOOKMARK [2][-]{subsection*.50}{\376\377\122\115\137\200\236\177\211\322\117\040\132\222}{section*.49}% 45
\BOOKMARK [2][-]{subsection*.51}{\376\377\131\145\145\257\116\001\000\267\177\127\137\267\221\314\150\074}{section*.49}% 46
\BOOKMARK [2][-]{subsection*.52}{\376\377\166\256\162\171\000\267\142\064\176\364\145\257\166\204\122\236\121\154\133\244}{section*.49}% 47
\BOOKMARK [1][-]{section*.54}{\376\377\131\145\121\113\121\160\116\055\131\056\136\177\127\072}{chapter.3}% 48
\BOOKMARK [2][-]{subsection*.55}{\376\377\134\117\136\125\116\055\143\247\133\244}{section*.54}% 49
\BOOKMARK [1][-]{section*.56}{\376\377\040\034\121\314\146\150\123\101\116\214\160\271\225\371\224\237\040\035\221\122\124\047}{chapter.3}% 50
\BOOKMARK [2][-]{subsection*.57}{\376\377\214\003\147\345\225\371\224\237\221\122\124\047}{section*.56}% 51
\BOOKMARK [2][-]{subsection*.58}{\376\377\000B\000A\000R\000\040\000N\000O\000T\000\040\000F\000O\000U\000N\000D}{section*.56}% 52
\BOOKMARK [2][-]{subsection*.60}{\376\377\166\321\211\306\225\371\224\237\221\122\124\047}{section*.56}% 53
\BOOKMARK [2][-]{subsection*.62}{\376\377\221\122\124\047\116\113\121\205}{section*.56}% 54
\BOOKMARK [2][-]{subsection*.63}{\376\377\221\122\124\047\116\055\166\204\176\277\175\042}{section*.56}% 55
\BOOKMARK [2][-]{subsection*.68}{\376\377\040\034\140\226\213\272\040\035\142\020\124\130}{section*.56}% 56
\BOOKMARK [2][-]{subsection*.72}{\376\377\121\166\116\326\230\176\133\242}{section*.56}% 57
\BOOKMARK [2][-]{subsection*.76}{\376\377\136\173\214\141\377\032\127\060\172\226}{section*.56}% 58
\BOOKMARK [2][-]{subsection*.78}{\376\377\122\115\137\200\040\034\122\147\226\142\040\035}{section*.56}% 59
\BOOKMARK [1][-]{section*.79}{\376\377\123\331\213\341\377\032\116\214\147\010\123\101\116\214\145\345\116\113\131\034}{chapter.3}% 60
\BOOKMARK [2][-]{subsection*.80}{\376\377\157\024\121\372\116\113\122\115}{section*.79}% 61
\BOOKMARK [2][-]{subsection*.81}{\376\377\230\204\157\024}{section*.79}% 62
\BOOKMARK [2][-]{subsection*.82}{\376\377\142\020\122\237\166\204\141\017\137\327\150\300\133\232}{section*.79}% 63
\BOOKMARK [2][-]{subsection*.83}{\376\377\134\044\221\314\123\141\145\366\122\073}{section*.79}% 64
\BOOKMARK [1][-]{section*.85}{\376\377\150\074\147\227\117\015\137\267\133\266\145\317}{chapter.3}% 65
\BOOKMARK [2][-]{subsection*.86}{\376\377\124\011\131\306\131\061\216\052\150\110}{section*.85}% 66
\BOOKMARK [2][-]{subsection*.87}{\376\377\232\154\221\314\116\232\213\372\201\352\147\100\150\110}{section*.85}% 67
\BOOKMARK [1][-]{section*.88}{\376\377\150\074\147\227\117\015\137\267\133\266\145\317\133\205\220\270}{chapter.3}% 68
\BOOKMARK [2][-]{subsection*.89}{\376\377\214\003\147\345\150\074\147\227\117\015\137\267\133\205\220\270}{section*.88}% 69
\BOOKMARK [2][-]{subsection*.90}{\376\377\166\321\211\306\150\074\147\227\117\015\137\267\133\205\220\270}{section*.88}% 70
\BOOKMARK [2][-]{subsection*.91}{\376\377\220\040\213\277\217\331\136\247\133\205\220\270}{section*.88}% 71
\BOOKMARK [1][-]{section*.97}{\376\377\156\126\156\350\121\154\126\355}{chapter.3}% 72
\BOOKMARK [0][-]{chapter.4}{\376\377\040\034\122\147\226\142\040\035}{}% 73
\BOOKMARK [1][-]{section*.98}{\376\377\136\372\213\256\377\032\217\320\210\114\122\147\226\142}{chapter.4}% 74
\BOOKMARK [1][-]{section*.99}{\376\377\171\273\137\000\122\147\226\142}{chapter.4}% 75
\BOOKMARK [1][-]{section*.100}{\376\377\116\130\133\242}{chapter.4}% 76
\BOOKMARK [2][-]{subsection*.101}{\376\377\217\367\220\024\177\224\177\212\377\014\162\171\135\345\201\352\135\361}{section*.100}% 77
\BOOKMARK [2][-]{subsection*.102}{\376\377\217\367\220\024\177\224\177\212\166\204\177\224\177\212\377\014\116\232\137\123\150\356\000\267\200\003\121\113\145\257}{section*.100}% 78
\BOOKMARK [1][-]{section*.103}{\376\377\122\147\226\142\116\213\116\366}{chapter.4}% 79
\BOOKMARK [2][-]{subsection*.104}{\376\377\231\020\217\146}{section*.103}% 80
\BOOKMARK [2][-]{subsection*.105}{\376\377\124\011\131\306\166\204\136\174\136\164}{section*.103}% 81
\BOOKMARK [2][-]{subsection*.106}{\376\377\156\020\155\341\166\204\117\044\165\244}{section*.103}% 82
\BOOKMARK [2][-]{subsection*.107}{\376\377\132\164\121\077\136\212}{section*.103}% 83
\BOOKMARK [2][-]{subsection*.108}{\376\377\220\040\150\246\147\072}{section*.103}% 84
\BOOKMARK [2][-]{subsection*.112}{\376\377\124\243\162\151\164\334\163\213\126\375\166\204\126\375\163\213}{section*.103}% 85
\BOOKMARK [2][-]{subsection*.115}{\376\377\220\032\137\200\141\011\140\246\116\113\215\357}{section*.103}% 86
\BOOKMARK [2][-]{subsection*.116}{\376\377\121\153\153\041\227\255\133\120}{section*.103}% 87
\BOOKMARK [2][-]{subsection*.117}{\376\377\206\132\120\107\166\204\171\273\127\072}{section*.103}% 88
\BOOKMARK [0][-]{chapter.5}{\376\377\176\310\136\125}{}% 89
\BOOKMARK [1][-]{section*.118}{\376\377\170\156\133\232\157\024\121\372\127\060\160\271}{chapter.5}% 90
\BOOKMARK [2][-]{subsection*.119}{\376\377\153\144\122\073\166\204\131\145\121\113\121\160\116\055\131\056\136\177\127\072}{section*.118}% 91
\BOOKMARK [2][-]{subsection*.120}{\376\377\153\144\122\073\166\204\150\074\147\227\117\015\137\267\133\205\220\270}{section*.118}% 92
\BOOKMARK [2][-]{subsection*.121}{\376\377\131\145\121\113\121\160\136\002\166\204\121\166\116\326\211\322\204\075}{section*.118}% 93
\BOOKMARK [2][-]{subsection*.122}{\376\377\220\032\137\200\176\310\160\271\116\113\215\357}{section*.118}% 94
\BOOKMARK [2][-]{subsection*.123}{\376\377\157\024\121\372\137\000\131\313}{section*.118}% 95
\BOOKMARK [2][-]{subsection*.124}{\376\377\176\310\153\142\157\024\121\372}{section*.118}% 96
\BOOKMARK [2][-]{subsection*.125}{\376\377\200\124\174\373\176\377\202\162\116\011\211\322\155\062}{section*.118}% 97
\BOOKMARK [2][-]{subsection*.126}{\376\377\176\377\202\162\116\011\211\322\155\062\166\204\116\073\122\250\116\313\121\145}{section*.118}% 98
\BOOKMARK [2][-]{subsection*.127}{\376\377\121\215\147\145\116\000\153\041}{section*.118}% 99
\BOOKMARK [2][-]{subsection*.128}{\376\377\134\076\130\360}{section*.118}% 100
\BOOKMARK [0][-]{appendix.A}{\376\377\116\272\162\151\210\145\121\105\117\341\140\157\123\312\145\160\143\156}{}% 101
\BOOKMARK [1][-]{section*.133}{\376\377\116\232\137\123\150\356\000\267\200\003\121\113\145\257}{appendix.A}% 102
\BOOKMARK [1][-]{section*.134}{\376\377\232\154\221\314\116\232\213\372\000\267\150\074\147\227\117\015\137\267}{appendix.A}% 103
\BOOKMARK [1][-]{section*.135}{\376\377\124\011\131\306\000\267\150\074\147\227\117\015\137\267}{appendix.A}% 104
\BOOKMARK [1][-]{section*.136}{\376\377\040\034\227\131\153\142\040\035\377\014\217\276\131\053\000\267\150\074\147\227\117\015\137\267}{appendix.A}% 105
\BOOKMARK [1][-]{section*.137}{\376\377\176\246\164\137\202\254\000\267\203\261\162\171}{appendix.A}% 106
\BOOKMARK [1][-]{section*.138}{\376\377\166\256\162\171\000\267\142\064\176\364\145\257}{appendix.A}% 107
\BOOKMARK [1][-]{section*.139}{\376\377\232\154\204\202\116\232\000\267\124\310\134\024\145\257}{appendix.A}% 108
\BOOKMARK [1][-]{section*.140}{\376\377\117\057\203\216\000\267\123\362\133\306\145\257}{appendix.A}% 109
\BOOKMARK [1][-]{section*.141}{\376\377\131\145\145\257\116\001\000\267\177\127\137\267\221\314\150\074}{appendix.A}% 110
\BOOKMARK [1][-]{section*.142}{\376\377\232\154\204\202\116\232\000\267\124\310\134\024\145\257}{appendix.A}% 111
\BOOKMARK [1][-]{section*.143}{\376\377\142\130\232\154\145\257\000\267\154\144\131\306\150\356}{appendix.A}% 112
\BOOKMARK [1][-]{section*.144}{\376\377\135\364\162\171\000\267\117\057\150\074\146\374}{appendix.A}% 113
\BOOKMARK [1][-]{section*.145}{\376\377\125\200\135\364\131\107\060\373\122\263\060\373\126\333\200\242\176\244\176\306}{appendix.A}% 114
\BOOKMARK [0][-]{appendix.B}{\376\377\172\201\123\321\116\213\116\366}{}% 115
\BOOKMARK [1][-]{section*.146}{\376\377\201\120\123\026\120\074\116\012\123\107}{appendix.B}% 116
\BOOKMARK [2][-]{subsection*.147}{\376\377\141\017\213\306\155\101}{section*.146}% 117
\BOOKMARK [1][-]{section*.148}{\376\377\162\171\135\345\166\204\142\077\225\364}{appendix.B}% 118
\BOOKMARK [1][-]{section*.149}{\376\377\236\304\210\143\116\113\163\213\137\000\131\313\127\050\177\121\215\357\116\012\142\151\145\143}{appendix.B}% 119
\BOOKMARK [1][-]{section*.150}{\376\377\147\145\201\352\137\303\164\006\123\073\165\037\166\204\165\065\213\335}{appendix.B}% 120
\BOOKMARK [1][-]{section*.151}{\376\377\217\276\131\053\166\204\136\173\137\161}{appendix.B}% 121
\BOOKMARK [1][-]{section*.152}{\376\377\217\307\123\273\117\265\121\145\150\246\130\203}{appendix.B}% 122
\BOOKMARK [1][-]{section*.153}{\376\377\162\171\135\345\142\020\116\072\116\206\142\151\145\143\200\005}{appendix.B}% 123
\BOOKMARK [1][-]{section*.154}{\376\377\162\171\135\345\200\124\174\373\116\206\176\377\202\162\116\011\211\322\155\062}{appendix.B}% 124
\BOOKMARK [1][-]{section*.155}{\376\377\214\003\147\345\236\321\176\277\210\114\122\250}{appendix.B}% 125
\BOOKMARK [2][-]{subsection*.156}{\376\377\116\016\162\171\135\345\127\116\204\202\166\204\117\032\227\142}{section*.155}% 126
\BOOKMARK [1][-]{section*.157}{\376\377\162\171\135\345\210\253\176\377\202\162\116\011\211\322\155\062\140\000\165\221}{appendix.B}% 127
\BOOKMARK [1][-]{section*.158}{\376\377\210\253\201\352\135\361\166\204\200\001\147\177\215\043\225\356}{appendix.B}% 128
\BOOKMARK [1][-]{section*.159}{\376\377\137\123\140\243\200\005\210\253\142\330\147\137}{appendix.B}% 129
\BOOKMARK [0][-]{appendix.C}{\376\377\124\015\213\315\177\373\213\321\133\371\161\147\210\150}{}% 130
\BOOKMARK [0][-]{appendix.D}{\376\377\134\125\171\072\147\120\145\231}{}% 131
\BOOKMARK [0][-]{appendix.E}{\376\377\0002\0000\0000\0007\136\164\166\204\131\145\121\113\121\160\116\016\116\222\200\124\177\121}{}% 132
\BOOKMARK [0][-]{appendix.F}{\376\377\116\345\121\166\133\203\145\271\137\017\156\070\163\251}{}% 133
\BOOKMARK [1][-]{section*.160}{\376\377\116\345\131\032\116\272\134\125\137\000\156\070\142\017}{appendix.F}% 134
\BOOKMARK [0][-]{appendix.G}{\376\377\124\016\213\260}{}% 135
